<?xml version="1.0" encoding="UTF-8"?>
<!-- Generated by org.testng.reporters.JUnitReportReporter -->
<testsuite hostname="Kavya" failures="0" tests="1" name="TestNg.NewTest" time="1.184" errors="0" timestamp="2024-01-05T08:12:55 IST" skipped="0">
  <testcase classname="TestNg.NewTest" name="MyTest" time="1.184"/>
  <system-out/>
</testsuite> <!-- TestNg.NewTest -->
