<?xml version="1.0" encoding="UTF-8"?>
<!-- Generated by org.testng.reporters.JUnitReportReporter -->
<testsuite hostname="Kavya" failures="0" tests="1" name="TestNg.NewTest" time="1.526" errors="0" timestamp="2024-01-06T07:59:00 IST" skipped="0">
  <testcase classname="TestNg.NewTest" name="MyTest" time="1.526"/>
  <system-out/>
</testsuite> <!-- TestNg.NewTest -->
